<?xml version="1.0" encoding="UTF-8"?>
<!-- Generated by org.testng.reporters.JUnitReportReporter -->
<testsuite hostname="ShraddhaHarshil" failures="0" tests="2" name="tests.TranslinkTest" time="62.334" errors="0" timestamp="2023-08-14T00:45:21 EDT" skipped="0">
  <testcase classname="tests.TranslinkTest" name="firstScenarioTest" time="29.876"/>
  <system-out/>
  <testcase classname="tests.TranslinkTest" name="secondscenarioTest" time="32.458"/>
  <system-out/>
</testsuite> <!-- tests.TranslinkTest -->
