<?xml version="1.0" encoding="UTF-8"?>
<!-- Generated by org.testng.reporters.JUnitReportReporter -->
<testsuite hostname="ShraddhaHarshil" failures="0" tests="15" name="tests.OutlookLogin" time="169.677" errors="0" timestamp="2023-03-27T19:37:51 EDT" skipped="0">
  <testcase classname="tests.OutlookLogin" name="verifyHomePageTest" time="5.184"/>
  <system-out/>
  <testcase classname="tests.OutlookLogin" name="maximizeWindowTest" time="7.776"/>
  <system-out/>
  <testcase classname="tests.OutlookLogin" name="verifyPrivacyPageTest" time="10.502"/>
  <system-out/>
  <testcase classname="tests.OutlookLogin" name="verifyTermsOfUseTest" time="12.494"/>
  <system-out/>
  <testcase classname="tests.OutlookLogin" name="verifyContactUsPageTest" time="9.975"/>
  <system-out/>
  <testcase classname="tests.OutlookLogin" name="signinWithEmptyEmailPasswordTest" time="8.058"/>
  <system-out/>
  <testcase classname="tests.OutlookLogin" name="wrongPhoneTest" time="12.051"/>
  <system-out/>
  <testcase classname="tests.OutlookLogin" name="tenDigitPhoneTest" time="12.690"/>
  <system-out/>
  <testcase classname="tests.OutlookLogin" name="wrongEmailErrTest" time="18.057"/>
  <system-out/>
  <testcase classname="tests.OutlookLogin" name="verifyWithUsernamePasswordPage" time="12.258"/>
  <system-out/>
  <testcase classname="tests.OutlookLogin" name="verifyWithEmailPasswordPage" time="12.664"/>
  <system-out/>
  <testcase classname="tests.OutlookLogin" name="usernameSignInTest" time="11.762"/>
  <system-out/>
  <testcase classname="tests.OutlookLogin" name="emailSignInTest" time="12.819"/>
  <system-out/>
  <testcase classname="tests.OutlookLogin" name="forgotPasswordPageTest" time="12.692"/>
  <system-out/>
  <testcase classname="tests.OutlookLogin" name="maskedPasswordPageTest" time="10.695"/>
  <system-out/>
</testsuite> <!-- tests.OutlookLogin -->
